{
  "seed": 72979,
  "angles_deg": [
    79.0,
    80.0,
    81.0,
    82.0,
    83.0,
    84.0,
    85.0,
    86.0,
    87.0,
    88.0,
    89.0
  ],
  "release_order_tool_indices": [
    2,
    7,
    10,
    8,
    9,
    5,
    3,
    6,
    4,
    1,
    0
  ],
  "release_order_angles_deg": [
    81.0,
    86.0,
    89.0,
    87.0,
    88.0,
    84.0,
    82.0,
    85.0,
    83.0,
    80.0,
    79.0
  ],
  "intervals_s": [
    0.35,
    0.29,
    0.29,
    0.33,
    0.36,
    0.51,
    0.37,
    0.36,
    0.45,
    0.42,
    0.39
  ],
  "base_release_height_m": 1.35,
  "release_heights_m": [
    1.35,
    1.35,
    1.35,
    1.35,
    1.35,
    1.35,
    1.35,
    1.35,
    1.35,
    1.35,
    1.35
  ],
  "release_delay_s": 0.08,
  "reaction_delay_s": 0.06,
  "videos": {},
  "drops": [
    {
      "tool_index": 2,
      "angle_deg": 81.0,
      "control_angle_deg": 80.841,
      "yaw_deg": 0.0,
      "success": true,
      "best_strict": 76,
      "strict_total": 107,
      "confirmed_hold": 86,
      "required_strict": 50,
      "required_confirm": 30,
      "bad_functional_contact": false,
      "min_z": 0.944,
      "final_vz": -0.148,
      "capture_time_s": 0.508,
      "capture_z_m": 0.954,
      "capture_vz_m_s": -0.043,
      "capture_latch_age_s": 0.1,
      "visible_hold_seconds": 0.12,
      "post_capture_elapsed_s": 0.12,
      "min_tip_dist_m": {
        "thumb": 0.0182,
        "index": 0.0038,
        "middle": 0.0166
      },
      "min_wrist_to_handle_m": 0.2203,
      "hidden": true
    },
    {
      "tool_index": 7,
      "angle_deg": 86.0,
      "control_angle_deg": 88.987,
      "yaw_deg": 0.0,
      "success": true,
      "best_strict": 68,
      "strict_total": 109,
      "confirmed_hold": 89,
      "required_strict": 50,
      "required_confirm": 30,
      "bad_functional_contact": false,
      "min_z": 0.947,
      "final_vz": -0.056,
      "capture_time_s": 0.466,
      "capture_z_m": 0.952,
      "capture_vz_m_s": -0.025,
      "capture_latch_age_s": 0.098,
      "visible_hold_seconds": 0.12,
      "post_capture_elapsed_s": 0.122,
      "min_tip_dist_m": {
        "thumb": 0.0131,
        "index": 0.005,
        "middle": 0.0247
      },
      "min_wrist_to_handle_m": 0.2171,
      "hidden": true
    },
    {
      "tool_index": 10,
      "angle_deg": 89.0,
      "control_angle_deg": 88.646,
      "yaw_deg": 0.0,
      "success": true,
      "best_strict": 111,
      "strict_total": 112,
      "confirmed_hold": 93,
      "required_strict": 50,
      "required_confirm": 30,
      "bad_functional_contact": false,
      "min_z": 0.946,
      "final_vz": -0.057,
      "capture_time_s": 0.47,
      "capture_z_m": 0.951,
      "capture_vz_m_s": -0.021,
      "capture_latch_age_s": 0.102,
      "visible_hold_seconds": 0.12,
      "post_capture_elapsed_s": 0.122,
      "min_tip_dist_m": {
        "thumb": 0.0127,
        "index": 0.0045,
        "middle": 0.0225
      },
      "min_wrist_to_handle_m": 0.2176,
      "hidden": true
    },
    {
      "tool_index": 8,
      "angle_deg": 87.0,
      "control_angle_deg": 89.312,
      "yaw_deg": 0.0,
      "success": true,
      "best_strict": 111,
      "strict_total": 111,
      "confirmed_hold": 91,
      "required_strict": 50,
      "required_confirm": 30,
      "bad_functional_contact": false,
      "min_z": 0.946,
      "final_vz": -0.057,
      "capture_time_s": 0.466,
      "capture_z_m": 0.952,
      "capture_vz_m_s": -0.023,
      "capture_latch_age_s": 0.098,
      "visible_hold_seconds": 0.12,
      "post_capture_elapsed_s": 0.122,
      "min_tip_dist_m": {
        "thumb": 0.0137,
        "index": 0.0055,
        "middle": 0.0245
      },
      "min_wrist_to_handle_m": 0.2173,
      "hidden": true
    },
    {
      "tool_index": 9,
      "angle_deg": 88.0,
      "control_angle_deg": 87.848,
      "yaw_deg": 0.0,
      "success": true,
      "best_strict": 65,
      "strict_total": 109,
      "confirmed_hold": 90,
      "required_strict": 50,
      "required_confirm": 30,
      "bad_functional_contact": false,
      "min_z": 0.946,
      "final_vz": -0.06,
      "capture_time_s": 0.474,
      "capture_z_m": 0.952,
      "capture_vz_m_s": -0.026,
      "capture_latch_age_s": 0.102,
      "visible_hold_seconds": 0.12,
      "post_capture_elapsed_s": 0.122,
      "min_tip_dist_m": {
        "thumb": 0.0153,
        "index": 0.0048,
        "middle": 0.0239
      },
      "min_wrist_to_handle_m": 0.2176,
      "hidden": true
    },
    {
      "tool_index": 5,
      "angle_deg": 84.0,
      "control_angle_deg": 84.871,
      "yaw_deg": 0.0,
      "success": true,
      "best_strict": 77,
      "strict_total": 107,
      "confirmed_hold": 86,
      "required_strict": 50,
      "required_confirm": 30,
      "bad_functional_contact": false,
      "min_z": 0.944,
      "final_vz": -0.136,
      "capture_time_s": 0.484,
      "capture_z_m": 0.953,
      "capture_vz_m_s": -0.041,
      "capture_latch_age_s": 0.1,
      "visible_hold_seconds": 0.12,
      "post_capture_elapsed_s": 0.12,
      "min_tip_dist_m": {
        "thumb": 0.0191,
        "index": 0.0025,
        "middle": 0.0193
      },
      "min_wrist_to_handle_m": 0.2184,
      "hidden": true
    },
    {
      "tool_index": 3,
      "angle_deg": 82.0,
      "control_angle_deg": 83.793,
      "yaw_deg": 0.0,
      "success": true,
      "best_strict": 77,
      "strict_total": 105,
      "confirmed_hold": 84,
      "required_strict": 50,
      "required_confirm": 30,
      "bad_functional_contact": false,
      "min_z": 0.942,
      "final_vz": -0.166,
      "capture_time_s": 0.496,
      "capture_z_m": 0.953,
      "capture_vz_m_s": -0.049,
      "capture_latch_age_s": 0.1,
      "visible_hold_seconds": 0.12,
      "post_capture_elapsed_s": 0.12,
      "min_tip_dist_m": {
        "thumb": 0.0205,
        "index": 0.0024,
        "middle": 0.0181
      },
      "min_wrist_to_handle_m": 0.2188,
      "hidden": true
    },
    {
      "tool_index": 6,
      "angle_deg": 85.0,
      "control_angle_deg": 84.536,
      "yaw_deg": 0.0,
      "success": true,
      "best_strict": 111,
      "strict_total": 111,
      "confirmed_hold": 90,
      "required_strict": 50,
      "required_confirm": 30,
      "bad_functional_contact": false,
      "min_z": 0.945,
      "final_vz": -0.054,
      "capture_time_s": 0.48,
      "capture_z_m": 0.951,
      "capture_vz_m_s": -0.041,
      "capture_latch_age_s": 0.1,
      "visible_hold_seconds": 0.12,
      "post_capture_elapsed_s": 0.12,
      "min_tip_dist_m": {
        "thumb": 0.0173,
        "index": 0.0037,
        "middle": 0.0223
      },
      "min_wrist_to_handle_m": 0.2188,
      "hidden": true
    },
    {
      "tool_index": 4,
      "angle_deg": 83.0,
      "control_angle_deg": 83.192,
      "yaw_deg": 0.0,
      "success": true,
      "best_strict": 73,
      "strict_total": 94,
      "confirmed_hold": 73,
      "required_strict": 50,
      "required_confirm": 30,
      "bad_functional_contact": false,
      "min_z": 0.942,
      "final_vz": -0.239,
      "capture_time_s": 0.496,
      "capture_z_m": 0.953,
      "capture_vz_m_s": -0.05,
      "capture_latch_age_s": 0.1,
      "visible_hold_seconds": 0.12,
      "post_capture_elapsed_s": 0.12,
      "min_tip_dist_m": {
        "thumb": 0.0216,
        "index": 0.002,
        "middle": 0.0175
      },
      "min_wrist_to_handle_m": 0.2186,
      "hidden": true
    },
    {
      "tool_index": 1,
      "angle_deg": 80.0,
      "control_angle_deg": 84.586,
      "yaw_deg": 0.0,
      "success": true,
      "best_strict": 74,
      "strict_total": 97,
      "confirmed_hold": 76,
      "required_strict": 50,
      "required_confirm": 30,
      "bad_functional_contact": false,
      "min_z": 0.944,
      "final_vz": -0.182,
      "capture_time_s": 0.488,
      "capture_z_m": 0.953,
      "capture_vz_m_s": -0.045,
      "capture_latch_age_s": 0.1,
      "visible_hold_seconds": 0.12,
      "post_capture_elapsed_s": 0.12,
      "min_tip_dist_m": {
        "thumb": 0.0205,
        "index": 0.002,
        "middle": 0.0183
      },
      "min_wrist_to_handle_m": 0.2182,
      "hidden": true
    },
    {
      "tool_index": 0,
      "angle_deg": 79.0,
      "control_angle_deg": 80.202,
      "yaw_deg": 0.0,
      "success": true,
      "best_strict": 76,
      "strict_total": 106,
      "confirmed_hold": 85,
      "required_strict": 50,
      "required_confirm": 30,
      "bad_functional_contact": false,
      "min_z": 0.946,
      "final_vz": -0.141,
      "capture_time_s": 0.51,
      "capture_z_m": 0.956,
      "capture_vz_m_s": -0.042,
      "capture_latch_age_s": 0.1,
      "visible_hold_seconds": 0.12,
      "post_capture_elapsed_s": 0.12,
      "min_tip_dist_m": {
        "thumb": 0.018,
        "index": 0.0038,
        "middle": 0.0166
      },
      "min_wrist_to_handle_m": 0.2202,
      "hidden": true
    }
  ],
  "passed": 11,
  "total": 11,
  "controller": "frozen/stage4e_front110_v700_grid0p5_patch.py",
  "robot_mjcf": "/autodl-fs/data/mingyu/Mujoco/projects/franka_revo2_v699_mujoco/assets/full_robot_urdf_mirror/franka_brainco_revo2_right_aligned_visual_mjcf_v728.xml",
  "drop_xy_offsets_m": [
    [
      -0.0174,
      -0.039
    ],
    [
      -0.0371,
      0.0326
    ],
    [
      -0.005,
      -0.0398
    ],
    [
      -0.0161,
      -0.0033
    ],
    [
      0.0012,
      0.0246
    ],
    [
      -0.008,
      -0.0037
    ],
    [
      0.0025,
      -0.0164
    ],
    [
      -0.026,
      0.0022
    ],
    [
      -0.0205,
      -0.026
    ],
    [
      0.0007,
      -0.0174
    ],
    [
      0.0023,
      -0.0325
    ]
  ],
  "visual_policy": "No target-specific arm motion before visible release: common ready only; helper/marker geoms hidden in video; true FR3/Revo2 visual meshes are rendered; after strict capture the rod remains visible in-hand before discard.",
  "task_specs": {
    "fr3_joint_vel_limit_rad_s": [
      2.62,
      2.62,
      2.62,
      2.62,
      5.26,
      4.18,
      5.26
    ],
    "revo2_joint_vel_limit_rad_s_internal_11dof": [
      2.62,
      2.53,
      2.53,
      2.27,
      2.27,
      2.27,
      2.27,
      2.27,
      2.27,
      2.27,
      2.27
    ],
    "revo2_active_joint_order_user": [
      "thumb_flex",
      "thumb_aux",
      "index",
      "middle",
      "ring",
      "pinky"
    ],
    "tool_total_length_m": 0.33,
    "tool_diameter_m": 0.03,
    "tool_mass_kg": 0.125,
    "handle_positive_length_m": 0.11,
    "functional_negative_length_m": 0.22,
    "drop_xy_jitter_m": 0.04,
    "yaw_random_range_deg": [
      -10,
      10
    ],
    "nominal_front_arc_radius_m": 0.5
  },
  "behavior": "v730 real-mesh observe-then-grasp planner with local 118-132deg dense-grid catch-height patch: v725 edge-sector release-height timing with 0.12s strict visible physical hold. Mid-arc uses 1.35m release; hard edge angles get extra falling time without target-specific pre-release arm motion. Strict sustained opposing fingertip grasp, then active open-hand wrist/arm discard.",
  "scene_xml": "outputs/front110_v730_dense_1deg_batches_seed72900/batch_79_89/front110_v730_front110_dense_height_patch_scene.xml"
}
