{
  "seed": 73012,
  "angles_deg": [
    112.0,
    113.0,
    114.0,
    115.0,
    116.0,
    117.0,
    118.0,
    119.0,
    120.0,
    121.0,
    122.0
  ],
  "release_order_tool_indices": [
    8,
    9,
    6,
    0,
    2,
    7,
    3,
    4,
    10,
    1,
    5
  ],
  "release_order_angles_deg": [
    120.0,
    121.0,
    118.0,
    112.0,
    114.0,
    119.0,
    115.0,
    116.0,
    122.0,
    113.0,
    117.0
  ],
  "intervals_s": [
    0.47,
    0.46,
    0.49,
    0.37,
    0.3,
    0.56,
    0.45,
    0.39,
    0.33,
    0.39,
    0.42
  ],
  "base_release_height_m": 1.35,
  "release_heights_m": [
    1.35,
    1.35,
    1.35,
    1.35,
    1.35,
    1.35,
    1.35,
    1.35,
    1.35,
    1.35,
    1.35
  ],
  "release_delay_s": 0.08,
  "reaction_delay_s": 0.06,
  "videos": {},
  "drops": [
    {
      "tool_index": 8,
      "angle_deg": 120.0,
      "control_angle_deg": 117.963,
      "yaw_deg": 0.0,
      "success": true,
      "best_strict": 76,
      "strict_total": 76,
      "confirmed_hold": 56,
      "required_strict": 50,
      "required_confirm": 30,
      "bad_functional_contact": false,
      "min_z": 0.954,
      "final_vz": -0.254,
      "capture_time_s": 0.466,
      "capture_z_m": 0.963,
      "capture_vz_m_s": -0.003,
      "capture_latch_age_s": 0.098,
      "visible_hold_seconds": 0.12,
      "post_capture_elapsed_s": 0.122,
      "min_tip_dist_m": {
        "thumb": 0.0113,
        "index": 0.0029,
        "middle": 0.0236
      },
      "min_wrist_to_handle_m": 0.1905,
      "hidden": true
    },
    {
      "tool_index": 9,
      "angle_deg": 121.0,
      "control_angle_deg": 119.895,
      "yaw_deg": 0.0,
      "success": true,
      "best_strict": 75,
      "strict_total": 75,
      "confirmed_hold": 54,
      "required_strict": 50,
      "required_confirm": 30,
      "bad_functional_contact": false,
      "min_z": 0.95,
      "final_vz": -0.572,
      "capture_time_s": 0.446,
      "capture_z_m": 0.969,
      "capture_vz_m_s": -0.039,
      "capture_latch_age_s": 0.1,
      "visible_hold_seconds": 0.12,
      "post_capture_elapsed_s": 0.12,
      "min_tip_dist_m": {
        "thumb": 0.0042,
        "index": 0.0182,
        "middle": 0.0381
      },
      "min_wrist_to_handle_m": 0.1879,
      "hidden": true
    },
    {
      "tool_index": 6,
      "angle_deg": 118.0,
      "control_angle_deg": 114.971,
      "yaw_deg": 0.0,
      "success": true,
      "best_strict": 111,
      "strict_total": 111,
      "confirmed_hold": 91,
      "required_strict": 50,
      "required_confirm": 30,
      "bad_functional_contact": false,
      "min_z": 0.907,
      "final_vz": -0.044,
      "capture_time_s": 0.47,
      "capture_z_m": 0.911,
      "capture_vz_m_s": -0.03,
      "capture_latch_age_s": 0.098,
      "visible_hold_seconds": 0.12,
      "post_capture_elapsed_s": 0.122,
      "min_tip_dist_m": {
        "thumb": 0.0065,
        "index": 0.0115,
        "middle": 0.0133
      },
      "min_wrist_to_handle_m": 0.1858,
      "hidden": true
    },
    {
      "tool_index": 0,
      "angle_deg": 112.0,
      "control_angle_deg": 112.246,
      "yaw_deg": 0.0,
      "success": true,
      "best_strict": 88,
      "strict_total": 89,
      "confirmed_hold": 69,
      "required_strict": 50,
      "required_confirm": 30,
      "bad_functional_contact": false,
      "min_z": 0.907,
      "final_vz": -0.122,
      "capture_time_s": 0.464,
      "capture_z_m": 0.911,
      "capture_vz_m_s": -0.012,
      "capture_latch_age_s": 0.098,
      "visible_hold_seconds": 0.12,
      "post_capture_elapsed_s": 0.122,
      "min_tip_dist_m": {
        "thumb": 0.0103,
        "index": 0.0064,
        "middle": 0.0274
      },
      "min_wrist_to_handle_m": 0.1913,
      "hidden": true
    },
    {
      "tool_index": 2,
      "angle_deg": 114.0,
      "control_angle_deg": 119.69,
      "yaw_deg": 0.0,
      "success": true,
      "best_strict": 69,
      "strict_total": 70,
      "confirmed_hold": 49,
      "required_strict": 50,
      "required_confirm": 30,
      "bad_functional_contact": false,
      "min_z": 0.947,
      "final_vz": -0.625,
      "capture_time_s": 0.446,
      "capture_z_m": 0.969,
      "capture_vz_m_s": -0.036,
      "capture_latch_age_s": 0.1,
      "visible_hold_seconds": 0.12,
      "post_capture_elapsed_s": 0.12,
      "min_tip_dist_m": {
        "thumb": 0.0051,
        "index": 0.0192,
        "middle": 0.0395
      },
      "min_wrist_to_handle_m": 0.183,
      "hidden": true
    },
    {
      "tool_index": 7,
      "angle_deg": 119.0,
      "control_angle_deg": 123.236,
      "yaw_deg": 0.0,
      "success": true,
      "best_strict": 110,
      "strict_total": 110,
      "confirmed_hold": 90,
      "required_strict": 50,
      "required_confirm": 30,
      "bad_functional_contact": false,
      "min_z": 0.962,
      "final_vz": -0.044,
      "capture_time_s": 0.454,
      "capture_z_m": 0.966,
      "capture_vz_m_s": -0.045,
      "capture_latch_age_s": 0.098,
      "visible_hold_seconds": 0.12,
      "post_capture_elapsed_s": 0.12,
      "min_tip_dist_m": {
        "thumb": 0.003,
        "index": 0.0113,
        "middle": 0.016
      },
      "min_wrist_to_handle_m": 0.1835,
      "hidden": true
    },
    {
      "tool_index": 3,
      "angle_deg": 115.0,
      "control_angle_deg": 116.612,
      "yaw_deg": 0.0,
      "success": true,
      "best_strict": 99,
      "strict_total": 99,
      "confirmed_hold": 79,
      "required_strict": 50,
      "required_confirm": 30,
      "bad_functional_contact": false,
      "min_z": 0.917,
      "final_vz": -0.095,
      "capture_time_s": 0.462,
      "capture_z_m": 0.92,
      "capture_vz_m_s": -0.011,
      "capture_latch_age_s": 0.098,
      "visible_hold_seconds": 0.12,
      "post_capture_elapsed_s": 0.122,
      "min_tip_dist_m": {
        "thumb": 0.0104,
        "index": 0.0057,
        "middle": 0.0269
      },
      "min_wrist_to_handle_m": 0.1971,
      "hidden": true
    },
    {
      "tool_index": 4,
      "angle_deg": 116.0,
      "control_angle_deg": 115.082,
      "yaw_deg": 0.0,
      "success": true,
      "best_strict": 101,
      "strict_total": 101,
      "confirmed_hold": 81,
      "required_strict": 50,
      "required_confirm": 30,
      "bad_functional_contact": false,
      "min_z": 0.902,
      "final_vz": -0.062,
      "capture_time_s": 0.464,
      "capture_z_m": 0.905,
      "capture_vz_m_s": -0.021,
      "capture_latch_age_s": 0.098,
      "visible_hold_seconds": 0.12,
      "post_capture_elapsed_s": 0.122,
      "min_tip_dist_m": {
        "thumb": 0.0093,
        "index": 0.007,
        "middle": 0.0266
      },
      "min_wrist_to_handle_m": 0.1908,
      "hidden": true
    },
    {
      "tool_index": 10,
      "angle_deg": 122.0,
      "control_angle_deg": 120.474,
      "yaw_deg": 0.0,
      "success": true,
      "best_strict": 69,
      "strict_total": 73,
      "confirmed_hold": 52,
      "required_strict": 50,
      "required_confirm": 30,
      "bad_functional_contact": false,
      "min_z": 0.959,
      "final_vz": -0.324,
      "capture_time_s": 0.45,
      "capture_z_m": 0.969,
      "capture_vz_m_s": -0.005,
      "capture_latch_age_s": 0.1,
      "visible_hold_seconds": 0.12,
      "post_capture_elapsed_s": 0.12,
      "min_tip_dist_m": {
        "thumb": 0.006,
        "index": 0.0192,
        "middle": 0.0331
      },
      "min_wrist_to_handle_m": 0.1771,
      "hidden": true
    },
    {
      "tool_index": 1,
      "angle_deg": 113.0,
      "control_angle_deg": 116.103,
      "yaw_deg": 0.0,
      "success": true,
      "best_strict": 111,
      "strict_total": 111,
      "confirmed_hold": 91,
      "required_strict": 50,
      "required_confirm": 30,
      "bad_functional_contact": false,
      "min_z": 0.9,
      "final_vz": -0.062,
      "capture_time_s": 0.472,
      "capture_z_m": 0.904,
      "capture_vz_m_s": -0.034,
      "capture_latch_age_s": 0.098,
      "visible_hold_seconds": 0.12,
      "post_capture_elapsed_s": 0.122,
      "min_tip_dist_m": {
        "thumb": 0.0056,
        "index": 0.0101,
        "middle": 0.0108
      },
      "min_wrist_to_handle_m": 0.1861,
      "hidden": true
    },
    {
      "tool_index": 5,
      "angle_deg": 117.0,
      "control_angle_deg": 113.673,
      "yaw_deg": 0.0,
      "success": true,
      "best_strict": 111,
      "strict_total": 111,
      "confirmed_hold": 91,
      "required_strict": 50,
      "required_confirm": 30,
      "bad_functional_contact": false,
      "min_z": 0.908,
      "final_vz": -0.054,
      "capture_time_s": 0.466,
      "capture_z_m": 0.912,
      "capture_vz_m_s": -0.014,
      "capture_latch_age_s": 0.098,
      "visible_hold_seconds": 0.12,
      "post_capture_elapsed_s": 0.122,
      "min_tip_dist_m": {
        "thumb": 0.0143,
        "index": 0.0052,
        "middle": 0.0231
      },
      "min_wrist_to_handle_m": 0.1949,
      "hidden": true
    }
  ],
  "passed": 11,
  "total": 11,
  "controller": "frozen/stage4e_front110_v700_grid0p5_patch.py",
  "robot_mjcf": "/autodl-fs/data/mingyu/Mujoco/projects/franka_revo2_v699_mujoco/assets/full_robot_urdf_mirror/franka_brainco_revo2_right_aligned_visual_mjcf_v728.xml",
  "drop_xy_offsets_m": [
    [
      0.0031,
      -0.0133
    ],
    [
      -0.012,
      -0.037
    ],
    [
      -0.0346,
      -0.0393
    ],
    [
      -0.032,
      0.0325
    ],
    [
      0.0051,
      0.0081
    ],
    [
      0.0172,
      0.033
    ],
    [
      0.038,
      -0.019
    ],
    [
      -0.0191,
      -0.0383
    ],
    [
      0.0172,
      0.0054
    ],
    [
      0.0161,
      -0.0086
    ],
    [
      0.0243,
      -0.015
    ]
  ],
  "visual_policy": "No target-specific arm motion before visible release: common ready only; helper/marker geoms hidden in video; true FR3/Revo2 visual meshes are rendered; after strict capture the rod remains visible in-hand before discard.",
  "task_specs": {
    "fr3_joint_vel_limit_rad_s": [
      2.62,
      2.62,
      2.62,
      2.62,
      5.26,
      4.18,
      5.26
    ],
    "revo2_joint_vel_limit_rad_s_internal_11dof": [
      2.62,
      2.53,
      2.53,
      2.27,
      2.27,
      2.27,
      2.27,
      2.27,
      2.27,
      2.27,
      2.27
    ],
    "revo2_active_joint_order_user": [
      "thumb_flex",
      "thumb_aux",
      "index",
      "middle",
      "ring",
      "pinky"
    ],
    "tool_total_length_m": 0.33,
    "tool_diameter_m": 0.03,
    "tool_mass_kg": 0.125,
    "handle_positive_length_m": 0.11,
    "functional_negative_length_m": 0.22,
    "drop_xy_jitter_m": 0.04,
    "yaw_random_range_deg": [
      -10,
      10
    ],
    "nominal_front_arc_radius_m": 0.5
  },
  "behavior": "v730 real-mesh observe-then-grasp planner with local 118-132deg dense-grid catch-height patch: v725 edge-sector release-height timing with 0.12s strict visible physical hold. Mid-arc uses 1.35m release; hard edge angles get extra falling time without target-specific pre-release arm motion. Strict sustained opposing fingertip grasp, then active open-hand wrist/arm discard.",
  "scene_xml": "outputs/front110_v730_dense_1deg_batches_seed72900/batch_112_122/front110_v730_front110_dense_height_patch_scene.xml"
}
