{
  "seed": 72935,
  "angles_deg": [
    35.0,
    36.0,
    37.0,
    38.0,
    39.0,
    40.0,
    41.0,
    42.0,
    43.0,
    44.0,
    45.0
  ],
  "release_order_tool_indices": [
    2,
    1,
    5,
    9,
    10,
    0,
    6,
    4,
    7,
    3,
    8
  ],
  "release_order_angles_deg": [
    37.0,
    36.0,
    40.0,
    44.0,
    45.0,
    35.0,
    41.0,
    39.0,
    42.0,
    38.0,
    43.0
  ],
  "intervals_s": [
    0.32,
    0.48,
    0.4,
    0.33,
    0.29,
    0.37,
    0.28,
    0.38,
    0.53,
    0.39,
    0.49
  ],
  "base_release_height_m": 1.35,
  "release_heights_m": [
    1.55,
    1.5486,
    1.5444,
    1.5379,
    1.5292,
    1.5188,
    1.5068,
    1.4937,
    1.4796,
    1.465,
    1.45
  ],
  "release_delay_s": 0.08,
  "reaction_delay_s": 0.06,
  "videos": {},
  "drops": [
    {
      "tool_index": 2,
      "angle_deg": 37.0,
      "control_angle_deg": 36.508,
      "yaw_deg": 0.0,
      "success": true,
      "best_strict": 110,
      "strict_total": 110,
      "confirmed_hold": 90,
      "required_strict": 50,
      "required_confirm": 30,
      "bad_functional_contact": false,
      "min_z": 0.939,
      "final_vz": -0.021,
      "capture_time_s": 0.518,
      "capture_z_m": 0.94,
      "capture_vz_m_s": -0.003,
      "capture_latch_age_s": 0.098,
      "visible_hold_seconds": 0.12,
      "post_capture_elapsed_s": 0.12,
      "min_tip_dist_m": {
        "thumb": 0.0137,
        "index": 0.004,
        "middle": 0.0197
      },
      "min_wrist_to_handle_m": 0.2001,
      "hidden": true
    },
    {
      "tool_index": 1,
      "angle_deg": 36.0,
      "control_angle_deg": 35.067,
      "yaw_deg": 0.0,
      "success": true,
      "best_strict": 110,
      "strict_total": 110,
      "confirmed_hold": 90,
      "required_strict": 50,
      "required_confirm": 30,
      "bad_functional_contact": false,
      "min_z": 0.939,
      "final_vz": -0.008,
      "capture_time_s": 0.518,
      "capture_z_m": 0.941,
      "capture_vz_m_s": -0.004,
      "capture_latch_age_s": 0.098,
      "visible_hold_seconds": 0.12,
      "post_capture_elapsed_s": 0.12,
      "min_tip_dist_m": {
        "thumb": 0.0123,
        "index": 0.0044,
        "middle": 0.0193
      },
      "min_wrist_to_handle_m": 0.1998,
      "hidden": true
    },
    {
      "tool_index": 5,
      "angle_deg": 40.0,
      "control_angle_deg": 37.79,
      "yaw_deg": 0.0,
      "success": true,
      "best_strict": 98,
      "strict_total": 98,
      "confirmed_hold": 77,
      "required_strict": 50,
      "required_confirm": 30,
      "bad_functional_contact": false,
      "min_z": 0.936,
      "final_vz": -0.063,
      "capture_time_s": 0.514,
      "capture_z_m": 0.938,
      "capture_vz_m_s": 0.005,
      "capture_latch_age_s": 0.1,
      "visible_hold_seconds": 0.12,
      "post_capture_elapsed_s": 0.12,
      "min_tip_dist_m": {
        "thumb": 0.0118,
        "index": 0.0029,
        "middle": 0.0177
      },
      "min_wrist_to_handle_m": 0.2022,
      "hidden": true
    },
    {
      "tool_index": 9,
      "angle_deg": 44.0,
      "control_angle_deg": 38.329,
      "yaw_deg": 0.0,
      "success": true,
      "best_strict": 102,
      "strict_total": 102,
      "confirmed_hold": 81,
      "required_strict": 50,
      "required_confirm": 30,
      "bad_functional_contact": false,
      "min_z": 0.937,
      "final_vz": -0.085,
      "capture_time_s": 0.5,
      "capture_z_m": 0.94,
      "capture_vz_m_s": -0.013,
      "capture_latch_age_s": 0.1,
      "visible_hold_seconds": 0.12,
      "post_capture_elapsed_s": 0.12,
      "min_tip_dist_m": {
        "thumb": 0.0164,
        "index": 0.0028,
        "middle": 0.0147
      },
      "min_wrist_to_handle_m": 0.2003,
      "hidden": true
    },
    {
      "tool_index": 10,
      "angle_deg": 45.0,
      "control_angle_deg": 47.94,
      "yaw_deg": 0.0,
      "success": true,
      "best_strict": 107,
      "strict_total": 107,
      "confirmed_hold": 86,
      "required_strict": 50,
      "required_confirm": 30,
      "bad_functional_contact": false,
      "min_z": 0.938,
      "final_vz": -0.062,
      "capture_time_s": 0.496,
      "capture_z_m": 0.941,
      "capture_vz_m_s": -0.015,
      "capture_latch_age_s": 0.1,
      "visible_hold_seconds": 0.12,
      "post_capture_elapsed_s": 0.12,
      "min_tip_dist_m": {
        "thumb": 0.0175,
        "index": 0.0023,
        "middle": 0.0145
      },
      "min_wrist_to_handle_m": 0.2018,
      "hidden": true
    },
    {
      "tool_index": 0,
      "angle_deg": 35.0,
      "control_angle_deg": 35.0,
      "yaw_deg": 0.0,
      "success": true,
      "best_strict": 110,
      "strict_total": 110,
      "confirmed_hold": 90,
      "required_strict": 50,
      "required_confirm": 30,
      "bad_functional_contact": false,
      "min_z": 0.936,
      "final_vz": -0.009,
      "capture_time_s": 0.52,
      "capture_z_m": 0.936,
      "capture_vz_m_s": 0.005,
      "capture_latch_age_s": 0.098,
      "visible_hold_seconds": 0.12,
      "post_capture_elapsed_s": 0.12,
      "min_tip_dist_m": {
        "thumb": 0.0118,
        "index": 0.005,
        "middle": 0.0194
      },
      "min_wrist_to_handle_m": 0.2014,
      "hidden": true
    },
    {
      "tool_index": 6,
      "angle_deg": 41.0,
      "control_angle_deg": 46.001,
      "yaw_deg": 0.0,
      "success": true,
      "best_strict": 111,
      "strict_total": 111,
      "confirmed_hold": 90,
      "required_strict": 50,
      "required_confirm": 30,
      "bad_functional_contact": false,
      "min_z": 0.939,
      "final_vz": -0.016,
      "capture_time_s": 0.508,
      "capture_z_m": 0.94,
      "capture_vz_m_s": -0.005,
      "capture_latch_age_s": 0.1,
      "visible_hold_seconds": 0.12,
      "post_capture_elapsed_s": 0.12,
      "min_tip_dist_m": {
        "thumb": 0.0143,
        "index": 0.0036,
        "middle": 0.0195
      },
      "min_wrist_to_handle_m": 0.2016,
      "hidden": true
    },
    {
      "tool_index": 4,
      "angle_deg": 39.0,
      "control_angle_deg": 35.0,
      "yaw_deg": 0.0,
      "success": true,
      "best_strict": 111,
      "strict_total": 111,
      "confirmed_hold": 90,
      "required_strict": 50,
      "required_confirm": 30,
      "bad_functional_contact": false,
      "min_z": 0.936,
      "final_vz": -0.007,
      "capture_time_s": 0.516,
      "capture_z_m": 0.936,
      "capture_vz_m_s": 0.003,
      "capture_latch_age_s": 0.1,
      "visible_hold_seconds": 0.12,
      "post_capture_elapsed_s": 0.12,
      "min_tip_dist_m": {
        "thumb": 0.012,
        "index": 0.0039,
        "middle": 0.0193
      },
      "min_wrist_to_handle_m": 0.2015,
      "hidden": true
    },
    {
      "tool_index": 7,
      "angle_deg": 42.0,
      "control_angle_deg": 46.016,
      "yaw_deg": 0.0,
      "success": true,
      "best_strict": 111,
      "strict_total": 111,
      "confirmed_hold": 90,
      "required_strict": 50,
      "required_confirm": 30,
      "bad_functional_contact": false,
      "min_z": 0.937,
      "final_vz": -0.026,
      "capture_time_s": 0.506,
      "capture_z_m": 0.939,
      "capture_vz_m_s": -0.005,
      "capture_latch_age_s": 0.1,
      "visible_hold_seconds": 0.12,
      "post_capture_elapsed_s": 0.12,
      "min_tip_dist_m": {
        "thumb": 0.0145,
        "index": 0.0035,
        "middle": 0.0177
      },
      "min_wrist_to_handle_m": 0.202,
      "hidden": true
    },
    {
      "tool_index": 3,
      "angle_deg": 38.0,
      "control_angle_deg": 40.732,
      "yaw_deg": 0.0,
      "success": true,
      "best_strict": 110,
      "strict_total": 110,
      "confirmed_hold": 90,
      "required_strict": 50,
      "required_confirm": 30,
      "bad_functional_contact": false,
      "min_z": 0.939,
      "final_vz": -0.011,
      "capture_time_s": 0.516,
      "capture_z_m": 0.941,
      "capture_vz_m_s": -0.005,
      "capture_latch_age_s": 0.098,
      "visible_hold_seconds": 0.12,
      "post_capture_elapsed_s": 0.12,
      "min_tip_dist_m": {
        "thumb": 0.0137,
        "index": 0.004,
        "middle": 0.0193
      },
      "min_wrist_to_handle_m": 0.2008,
      "hidden": true
    },
    {
      "tool_index": 8,
      "angle_deg": 43.0,
      "control_angle_deg": 46.852,
      "yaw_deg": 0.0,
      "success": true,
      "best_strict": 111,
      "strict_total": 111,
      "confirmed_hold": 90,
      "required_strict": 50,
      "required_confirm": 30,
      "bad_functional_contact": false,
      "min_z": 0.938,
      "final_vz": -0.03,
      "capture_time_s": 0.502,
      "capture_z_m": 0.941,
      "capture_vz_m_s": -0.014,
      "capture_latch_age_s": 0.1,
      "visible_hold_seconds": 0.12,
      "post_capture_elapsed_s": 0.12,
      "min_tip_dist_m": {
        "thumb": 0.0165,
        "index": 0.003,
        "middle": 0.0176
      },
      "min_wrist_to_handle_m": 0.2017,
      "hidden": true
    }
  ],
  "passed": 11,
  "total": 11,
  "controller": "frozen/stage4e_front110_v700_grid0p5_patch.py",
  "robot_mjcf": "/autodl-fs/data/mingyu/Mujoco/projects/franka_revo2_v699_mujoco/assets/full_robot_urdf_mirror/franka_brainco_revo2_right_aligned_visual_mjcf_v728.xml",
  "drop_xy_offsets_m": [
    [
      0.037,
      -0.0336
    ],
    [
      0.0282,
      0.0098
    ],
    [
      0.0182,
      0.0081
    ],
    [
      -0.0073,
      0.0251
    ],
    [
      0.0367,
      -0.0381
    ],
    [
      -0.0121,
      -0.0338
    ],
    [
      -0.0299,
      0.0318
    ],
    [
      -0.0341,
      0.0151
    ],
    [
      -0.0169,
      0.0311
    ],
    [
      0.0391,
      -0.0321
    ],
    [
      -0.0029,
      0.0351
    ]
  ],
  "visual_policy": "No target-specific arm motion before visible release: common ready only; helper/marker geoms hidden in video; true FR3/Revo2 visual meshes are rendered; after strict capture the rod remains visible in-hand before discard.",
  "task_specs": {
    "fr3_joint_vel_limit_rad_s": [
      2.62,
      2.62,
      2.62,
      2.62,
      5.26,
      4.18,
      5.26
    ],
    "revo2_joint_vel_limit_rad_s_internal_11dof": [
      2.62,
      2.53,
      2.53,
      2.27,
      2.27,
      2.27,
      2.27,
      2.27,
      2.27,
      2.27,
      2.27
    ],
    "revo2_active_joint_order_user": [
      "thumb_flex",
      "thumb_aux",
      "index",
      "middle",
      "ring",
      "pinky"
    ],
    "tool_total_length_m": 0.33,
    "tool_diameter_m": 0.03,
    "tool_mass_kg": 0.125,
    "handle_positive_length_m": 0.11,
    "functional_negative_length_m": 0.22,
    "drop_xy_jitter_m": 0.04,
    "yaw_random_range_deg": [
      -10,
      10
    ],
    "nominal_front_arc_radius_m": 0.5
  },
  "behavior": "v730 real-mesh observe-then-grasp planner with local 118-132deg dense-grid catch-height patch: v725 edge-sector release-height timing with 0.12s strict visible physical hold. Mid-arc uses 1.35m release; hard edge angles get extra falling time without target-specific pre-release arm motion. Strict sustained opposing fingertip grasp, then active open-hand wrist/arm discard.",
  "scene_xml": "outputs/front110_v730_dense_1deg_batches_seed72900/batch_35_45/front110_v730_front110_dense_height_patch_scene.xml"
}
