{
  "seed": 73001,
  "angles_deg": [
    35.0,
    45.0,
    55.0,
    65.0,
    75.0,
    90.0,
    105.0,
    125.0,
    145.0
  ],
  "release_order_tool_indices": [
    3,
    0,
    4,
    1,
    5,
    7,
    8,
    2,
    6
  ],
  "release_order_angles_deg": [
    65.0,
    35.0,
    75.0,
    45.0,
    90.0,
    125.0,
    145.0,
    55.0,
    105.0
  ],
  "intervals_s": [
    0.51,
    0.34,
    0.43,
    0.33,
    0.35,
    0.35,
    0.35,
    0.58,
    0.32
  ],
  "base_release_height_m": 1.35,
  "release_heights_m": [
    1.55,
    1.45,
    1.35,
    1.35,
    1.35,
    1.35,
    1.35,
    1.35,
    1.55
  ],
  "release_delay_s": 0.08,
  "reaction_delay_s": 0.06,
  "videos": {
    "full_body_three_quarter": "outputs/repro_v730_grid9_clean_video/front110_v728_front110_grid9_clean_realrobot_seed73001_full_body_three_quarter.mp4",
    "full_body_front_arc": "outputs/repro_v730_grid9_clean_video/front110_v728_front110_grid9_clean_realrobot_seed73001_full_body_front_arc.mp4",
    "fall_path_high_arc": "outputs/repro_v730_grid9_clean_video/front110_v728_front110_grid9_clean_realrobot_seed73001_fall_path_high_arc.mp4",
    "side_reach_profile": "outputs/repro_v730_grid9_clean_video/front110_v728_front110_grid9_clean_realrobot_seed73001_side_reach_profile.mp4",
    "hand_window_close": "outputs/repro_v730_grid9_clean_video/front110_v728_front110_grid9_clean_realrobot_seed73001_hand_window_close.mp4"
  },
  "drops": [
    {
      "tool_index": 3,
      "angle_deg": 65.0,
      "control_angle_deg": 62.906,
      "yaw_deg": -2.0,
      "success": true,
      "best_strict": 88,
      "strict_total": 88,
      "confirmed_hold": 68,
      "required_strict": 50,
      "required_confirm": 30,
      "bad_functional_contact": false,
      "min_z": 0.931,
      "final_vz": -0.163,
      "capture_time_s": 0.454,
      "capture_z_m": 0.94,
      "capture_vz_m_s": -0.045,
      "capture_latch_age_s": 0.098,
      "visible_hold_seconds": 0.12,
      "post_capture_elapsed_s": 0.12,
      "min_tip_dist_m": {
        "thumb": 0.0112,
        "index": 0.011,
        "middle": 0.0294
      },
      "min_wrist_to_handle_m": 0.2096,
      "hidden": true
    },
    {
      "tool_index": 0,
      "angle_deg": 35.0,
      "control_angle_deg": 35.574,
      "yaw_deg": -8.0,
      "success": true,
      "best_strict": 110,
      "strict_total": 110,
      "confirmed_hold": 90,
      "required_strict": 50,
      "required_confirm": 30,
      "bad_functional_contact": false,
      "min_z": 0.939,
      "final_vz": -0.006,
      "capture_time_s": 0.52,
      "capture_z_m": 0.94,
      "capture_vz_m_s": 0.004,
      "capture_latch_age_s": 0.098,
      "visible_hold_seconds": 0.12,
      "post_capture_elapsed_s": 0.12,
      "min_tip_dist_m": {
        "thumb": 0.0127,
        "index": 0.0039,
        "middle": 0.0183
      },
      "min_wrist_to_handle_m": 0.2009,
      "hidden": true
    },
    {
      "tool_index": 4,
      "angle_deg": 75.0,
      "control_angle_deg": 75.773,
      "yaw_deg": 0.0,
      "success": true,
      "best_strict": 74,
      "strict_total": 95,
      "confirmed_hold": 74,
      "required_strict": 50,
      "required_confirm": 30,
      "bad_functional_contact": false,
      "min_z": 0.946,
      "final_vz": -0.158,
      "capture_time_s": 0.51,
      "capture_z_m": 0.956,
      "capture_vz_m_s": -0.044,
      "capture_latch_age_s": 0.1,
      "visible_hold_seconds": 0.12,
      "post_capture_elapsed_s": 0.12,
      "min_tip_dist_m": {
        "thumb": 0.0202,
        "index": 0.0043,
        "middle": 0.015
      },
      "min_wrist_to_handle_m": 0.2211,
      "hidden": true
    },
    {
      "tool_index": 1,
      "angle_deg": 45.0,
      "control_angle_deg": 43.383,
      "yaw_deg": -6.0,
      "success": true,
      "best_strict": 97,
      "strict_total": 97,
      "confirmed_hold": 76,
      "required_strict": 50,
      "required_confirm": 30,
      "bad_functional_contact": false,
      "min_z": 0.936,
      "final_vz": -0.105,
      "capture_time_s": 0.502,
      "capture_z_m": 0.94,
      "capture_vz_m_s": -0.003,
      "capture_latch_age_s": 0.1,
      "visible_hold_seconds": 0.12,
      "post_capture_elapsed_s": 0.12,
      "min_tip_dist_m": {
        "thumb": 0.0159,
        "index": 0.0036,
        "middle": 0.0106
      },
      "min_wrist_to_handle_m": 0.202,
      "hidden": true
    },
    {
      "tool_index": 5,
      "angle_deg": 90.0,
      "control_angle_deg": 89.359,
      "yaw_deg": 2.0,
      "success": true,
      "best_strict": 56,
      "strict_total": 74,
      "confirmed_hold": 54,
      "required_strict": 50,
      "required_confirm": 30,
      "bad_functional_contact": false,
      "min_z": 0.942,
      "final_vz": -0.131,
      "capture_time_s": 0.464,
      "capture_z_m": 0.952,
      "capture_vz_m_s": -0.031,
      "capture_latch_age_s": 0.098,
      "visible_hold_seconds": 0.12,
      "post_capture_elapsed_s": 0.122,
      "min_tip_dist_m": {
        "thumb": 0.0121,
        "index": 0.0046,
        "middle": 0.0253
      },
      "min_wrist_to_handle_m": 0.2167,
      "hidden": true
    },
    {
      "tool_index": 7,
      "angle_deg": 125.0,
      "control_angle_deg": 128.45,
      "yaw_deg": 6.0,
      "success": true,
      "best_strict": 111,
      "strict_total": 111,
      "confirmed_hold": 90,
      "required_strict": 50,
      "required_confirm": 30,
      "bad_functional_contact": false,
      "min_z": 0.979,
      "final_vz": -0.001,
      "capture_time_s": 0.438,
      "capture_z_m": 0.981,
      "capture_vz_m_s": -0.033,
      "capture_latch_age_s": 0.1,
      "visible_hold_seconds": 0.12,
      "post_capture_elapsed_s": 0.12,
      "min_tip_dist_m": {
        "thumb": 0.0064,
        "index": 0.0091,
        "middle": 0.0224
      },
      "min_wrist_to_handle_m": 0.189,
      "hidden": true
    },
    {
      "tool_index": 8,
      "angle_deg": 145.0,
      "control_angle_deg": 143.392,
      "yaw_deg": 8.0,
      "success": true,
      "best_strict": 111,
      "strict_total": 111,
      "confirmed_hold": 90,
      "required_strict": 50,
      "required_confirm": 30,
      "bad_functional_contact": false,
      "min_z": 0.948,
      "final_vz": -0.018,
      "capture_time_s": 0.514,
      "capture_z_m": 0.951,
      "capture_vz_m_s": -0.023,
      "capture_latch_age_s": 0.1,
      "visible_hold_seconds": 0.12,
      "post_capture_elapsed_s": 0.12,
      "min_tip_dist_m": {
        "thumb": 0.0126,
        "index": 0.0016,
        "middle": 0.0034
      },
      "min_wrist_to_handle_m": 0.1864,
      "hidden": true
    },
    {
      "tool_index": 2,
      "angle_deg": 55.0,
      "control_angle_deg": 50.844,
      "yaw_deg": -4.0,
      "success": true,
      "best_strict": 81,
      "strict_total": 81,
      "confirmed_hold": 60,
      "required_strict": 50,
      "required_confirm": 30,
      "bad_functional_contact": false,
      "min_z": 0.933,
      "final_vz": -0.165,
      "capture_time_s": 0.506,
      "capture_z_m": 0.942,
      "capture_vz_m_s": -0.024,
      "capture_latch_age_s": 0.1,
      "visible_hold_seconds": 0.12,
      "post_capture_elapsed_s": 0.12,
      "min_tip_dist_m": {
        "thumb": 0.0199,
        "index": 0.0059,
        "middle": 0.0111
      },
      "min_wrist_to_handle_m": 0.2025,
      "hidden": true
    },
    {
      "tool_index": 6,
      "angle_deg": 105.0,
      "control_angle_deg": 104.178,
      "yaw_deg": 4.0,
      "success": true,
      "best_strict": 111,
      "strict_total": 111,
      "confirmed_hold": 91,
      "required_strict": 50,
      "required_confirm": 30,
      "bad_functional_contact": false,
      "min_z": 0.924,
      "final_vz": -0.043,
      "capture_time_s": 0.464,
      "capture_z_m": 0.927,
      "capture_vz_m_s": -0.019,
      "capture_latch_age_s": 0.098,
      "visible_hold_seconds": 0.12,
      "post_capture_elapsed_s": 0.122,
      "min_tip_dist_m": {
        "thumb": 0.0112,
        "index": 0.0052,
        "middle": 0.0205
      },
      "min_wrist_to_handle_m": 0.1939,
      "hidden": true
    }
  ],
  "passed": 9,
  "total": 9,
  "controller": "frozen/stage4e_front110_v700_grid0p5_patch.py",
  "robot_mjcf": "/autodl-fs/data/mingyu/github_repro_check/franka-revo2-mujoco-front110-v730/assets/full_robot_urdf_mirror/franka_brainco_revo2_right_aligned_visual_mjcf_v728.xml",
  "drop_xy_offsets_m": [
    [
      0.0075,
      0.0115
    ],
    [
      -0.0027,
      -0.022
    ],
    [
      0.0392,
      -0.0092
    ],
    [
      0.0064,
      -0.0276
    ],
    [
      -0.0044,
      0.0102
    ],
    [
      0.006,
      0.0336
    ],
    [
      0.0144,
      -0.0276
    ],
    [
      -0.0293,
      -0.0115
    ],
    [
      0.0249,
      -0.001
    ]
  ],
  "visual_policy": "No target-specific arm motion before visible release: common ready only; helper/marker geoms hidden in video; true FR3/Revo2 visual meshes are rendered; after strict capture the rod remains visible in-hand before discard.",
  "task_specs": {
    "fr3_joint_vel_limit_rad_s": [
      2.62,
      2.62,
      2.62,
      2.62,
      5.26,
      4.18,
      5.26
    ],
    "revo2_joint_vel_limit_rad_s_internal_11dof": [
      2.62,
      2.53,
      2.53,
      2.27,
      2.27,
      2.27,
      2.27,
      2.27,
      2.27,
      2.27,
      2.27
    ],
    "revo2_active_joint_order_user": [
      "thumb_flex",
      "thumb_aux",
      "index",
      "middle",
      "ring",
      "pinky"
    ],
    "tool_total_length_m": 0.33,
    "tool_diameter_m": 0.03,
    "tool_mass_kg": 0.125,
    "handle_positive_length_m": 0.11,
    "functional_negative_length_m": 0.22,
    "drop_xy_jitter_m": 0.04,
    "yaw_random_range_deg": [
      -10,
      10
    ],
    "nominal_front_arc_radius_m": 0.5
  },
  "behavior": "v730 real-mesh observe-then-grasp planner with local 118-132deg dense-grid catch-height patch: v725 edge-sector release-height timing with 0.12s strict visible physical hold. Mid-arc uses 1.35m release; hard edge angles get extra falling time without target-specific pre-release arm motion. Strict sustained opposing fingertip grasp, then active open-hand wrist/arm discard.",
  "scene_xml": "outputs/repro_v730_grid9_clean_video/front110_v730_front110_dense_height_patch_scene.xml"
}
